<?xml version="1.0" encoding="UTF-8"?>
<!-- Generated by org.testng.reporters.JUnitXMLReporter -->
<testsuite ignored="0" hostname="VK" failures="0" tests="3" name="chrometest" time="14.611" errors="0" timestamp="2026-06-30T15:45:38 IST">
  <testcase classname="paralleltestingdemo.ParallelTestingDemo" name="testLogo" time="0.063"/>
  <testcase classname="paralleltestingdemo.ParallelTestingDemo" name="testTitle" time="0.016"/>
  <testcase classname="paralleltestingdemo.ParallelTestingDemo" name="testURL" time="0.019"/>
</testsuite> <!-- chrometest -->
