<?xml version="1.0" encoding="UTF-8"?>
<!-- Generated by org.testng.reporters.JUnitXMLReporter -->
<testsuite ignored="0" hostname="VK" failures="0" tests="3" name="edgetest" time="1.224" errors="0" timestamp="2026-04-22T15:22:47 IST">
  <testcase classname="ParallelTestingDemo" name="testLogo" time="0.0">
    <skipped/>
  </testcase> <!-- testLogo -->
  <testcase classname="ParallelTestingDemo" name="testTitle" time="0.001">
    <skipped/>
  </testcase> <!-- testTitle -->
  <testcase classname="ParallelTestingDemo" name="testURL" time="0.0">
    <skipped/>
  </testcase> <!-- testURL -->
</testsuite> <!-- edgetest -->
