<?xml version="1.0" encoding="UTF-8"?>
<!-- Generated by org.testng.reporters.JUnitXMLReporter -->
<testsuite ignored="7" hostname="VK" failures="0" tests="1" name="Test" time="0.053" errors="0" timestamp="2026-06-30T15:59:07 IST">
  <testcase classname="groupings_basics.SignupTests" name="signupbyemail" time="0.01"/>
  <testcase classname="groupings_basics.PaymentTests" name="paymentinDollars" time="0.0">
    <ignored/>
  </testcase> <!-- paymentinDollars -->
  <testcase classname="groupings_basics.SignupTests" name="signupbytwitter" time="0.0">
    <ignored/>
  </testcase> <!-- signupbytwitter -->
  <testcase classname="groupings_basics.LoginTests" name="loginByEmail" time="0.0">
    <ignored/>
  </testcase> <!-- loginByEmail -->
  <testcase classname="groupings_basics.LoginTests" name="loginByFacebook" time="0.0">
    <ignored/>
  </testcase> <!-- loginByFacebook -->
  <testcase classname="groupings_basics.PaymentTests" name="paymentinRupees" time="0.0">
    <ignored/>
  </testcase> <!-- paymentinRupees -->
  <testcase classname="groupings_basics.SignupTests" name="signupbyfacebook" time="0.0">
    <ignored/>
  </testcase> <!-- signupbyfacebook -->
  <testcase classname="groupings_basics.LoginTests" name="loginBytwitter" time="0.0">
    <ignored/>
  </testcase> <!-- loginBytwitter -->
</testsuite> <!-- Test -->
