<?xml version="1.0" encoding="UTF-8"?>
<!-- Generated by org.testng.reporters.JUnitXMLReporter -->
<testsuite ignored="0" hostname="VK" failures="1" tests="3" name="Test" time="16.39" errors="0" timestamp="2026-04-23T05:49:50 IST">
  <testcase classname="OrangeHRM" name="testLogo" time="0.09"/>
  <testcase classname="OrangeHRM" name="testAppUrl" time="0.023">
    <failure type="java.lang.AssertionError" message="expected [https://opensource-demo.orangehrmlive.com/] but found [https://opensource-demo.orangehrmlive.com/web/index.php/auth/login]">
      <![CDATA[java.lang.AssertionError: expected [https://opensource-demo.orangehrmlive.com/] but found [https://opensource-demo.orangehrmlive.com/web/index.php/auth/login]
at OrangeHRM.testAppUrl(OrangeHRM.java:36)
at java.base/java.util.ArrayList.forEach(ArrayList.java:1596)
... Removed 31 stack frames]]>
    </failure>
  </testcase> <!-- testAppUrl -->
  <testcase classname="OrangeHRM" name="testHomePageTitle" time="0.001">
    <skipped/>
  </testcase> <!-- testHomePageTitle -->
</testsuite> <!-- Test -->
