<?xml version="1.0" encoding="UTF-8"?>
<!-- Generated by org.testng.reporters.JUnitXMLReporter -->
<testsuite ignored="0" hostname="VK" failures="2" tests="3" name="Test" time="11.588" errors="0" timestamp="2026-06-30T16:01:31 IST">
  <testcase classname="itestlistenerdemo.OrangeHRM" name="testLogo" time="0.055">
    <failure type="java.lang.AssertionError" message="expected [true] but found [false]">
      <![CDATA[java.lang.AssertionError: expected [true] but found [false]
at itestlistenerdemo.OrangeHRM.testLogo(OrangeHRM.java:31)
at java.base/java.util.ArrayList.forEach(ArrayList.java:1596)
... Removed 32 stack frames]]>
    </failure>
  </testcase> <!-- testLogo -->
  <testcase classname="itestlistenerdemo.OrangeHRM" name="testAppUrl" time="0.014">
    <failure type="java.lang.AssertionError" message="expected [https://opensource-demo.orangehrmlive.com/] but found [https://opensource-demo.orangehrmlive.com/web/index.php/auth/login]">
      <![CDATA[java.lang.AssertionError: expected [https://opensource-demo.orangehrmlive.com/] but found [https://opensource-demo.orangehrmlive.com/web/index.php/auth/login]
at itestlistenerdemo.OrangeHRM.testAppUrl(OrangeHRM.java:36)
at java.base/java.util.ArrayList.forEach(ArrayList.java:1596)
... Removed 31 stack frames]]>
    </failure>
  </testcase> <!-- testAppUrl -->
  <testcase classname="itestlistenerdemo.OrangeHRM" name="testHomePageTitle" time="0.0">
    <skipped/>
  </testcase> <!-- testHomePageTitle -->
</testsuite> <!-- Test -->
