<?xml version="1.0" encoding="UTF-8"?>
<!-- Generated by org.testng.reporters.JUnitXMLReporter -->
<testsuite ignored="2" hostname="VK" failures="0" tests="3" name="OrangeHRMLogin" time="9.624" errors="0" timestamp="2026-04-22T08:08:07 IST">
  <testcase classname="OrangeHRM" name="LaunchApp" time="5.012"/>
  <testcase classname="OrangeHRM" name="EnterLoginDetails" time="4.269"/>
  <testcase classname="OrangeHRM" name="VerifyLogin" time="0.274"/>
  <testcase classname="OrangeHRM" name="NavigateToMyInfo" time="0.0">
    <ignored/>
  </testcase> <!-- NavigateToMyInfo -->
  <testcase classname="OrangeHRM" name="VerifyMyInfo" time="0.0">
    <ignored/>
  </testcase> <!-- VerifyMyInfo -->
</testsuite> <!-- OrangeHRMLogin -->
