<?xml version="1.0" encoding="UTF-8"?>
<!-- Generated by org.testng.reporters.JUnitXMLReporter -->
<testsuite ignored="2" hostname="VK" failures="0" tests="1" name="OrangeHRMLogin" time="17.079" errors="0" timestamp="2026-04-23T08:12:41 IST">
  <testcase classname="OrangeHRM" name="testLogo" time="0.096"/>
  <testcase classname="OrangeHRM" name="testHomePageTitle" time="0.0">
    <ignored/>
  </testcase> <!-- testHomePageTitle -->
  <testcase classname="OrangeHRM" name="testAppUrl" time="0.0">
    <ignored/>
  </testcase> <!-- testAppUrl -->
</testsuite> <!-- OrangeHRMLogin -->
