<?xml version="1.0" encoding="UTF-8"?>
<!-- Generated by org.testng.reporters.JUnitReportReporter -->
<testsuite hostname="VK" failures="0" tests="3" name="groupings_basics.LoginTests" time="0.013" errors="0" timestamp="2026-04-22T09:44:54 IST" skipped="0">
  <testcase classname="groupings_basics.LoginTests" name="loginByEmail" time="0.008"/>
  <testcase classname="groupings_basics.LoginTests" name="loginByFacebook" time="0.002"/>
  <testcase classname="groupings_basics.LoginTests" name="loginBytwitter" time="0.003"/>
</testsuite> <!-- groupings_basics.LoginTests -->
