<?xml version="1.0" encoding="UTF-8"?>
<!-- Generated by org.testng.reporters.JUnitReportReporter -->
<testsuite hostname="VK" failures="0" tests="9" name="paralleltestingdemo.ParallelTestingDemo" time="0.964" errors="0" timestamp="2026-06-30T15:45:42 IST" skipped="0">
  <testcase classname="paralleltestingdemo.ParallelTestingDemo" name="testLogo" time="0.528"/>
  <testcase classname="paralleltestingdemo.ParallelTestingDemo" name="testLogo" time="0.063"/>
  <testcase classname="paralleltestingdemo.ParallelTestingDemo" name="testLogo" time="0.086"/>
  <testcase classname="paralleltestingdemo.ParallelTestingDemo" name="testTitle" time="0.168"/>
  <testcase classname="paralleltestingdemo.ParallelTestingDemo" name="testTitle" time="0.016"/>
  <testcase classname="paralleltestingdemo.ParallelTestingDemo" name="testTitle" time="0.009"/>
  <testcase classname="paralleltestingdemo.ParallelTestingDemo" name="testURL" time="0.019"/>
  <testcase classname="paralleltestingdemo.ParallelTestingDemo" name="testURL" time="0.016"/>
  <testcase classname="paralleltestingdemo.ParallelTestingDemo" name="testURL" time="0.059"/>
</testsuite> <!-- paralleltestingdemo.ParallelTestingDemo -->
