<?xml version="1.0" encoding="UTF-8"?>
<!-- Generated by org.testng.reporters.JUnitReportReporter -->
<testsuite hostname="VK" failures="0" tests="6" name="PriorityFlightBookingExample" time="0.014" errors="0" timestamp="2026-04-22T09:16:20 IST" skipped="1">
  <testcase classname="PriorityFlightBookingExample" name="Login" time="0.008"/>
  <testcase classname="PriorityFlightBookingExample" name="SearchForTheFlight" time="0.002"/>
  <testcase classname="PriorityFlightBookingExample" name="BookTheFlight" time="0.001"/>
  <testcase classname="PriorityFlightBookingExample" name="SaveTheTicket" time="0.001"/>
  <testcase classname="PriorityFlightBookingExample" name="Logout" time="0.002"/>
  <testcase classname="PriorityFlightBookingExample" name="Signup">
    <skipped/>
  </testcase> <!-- Signup -->
</testsuite> <!-- PriorityFlightBookingExample -->
